<?xml version="1.0" encoding="UTF-8"?>
<!-- Generated by org.testng.reporters.JUnitXMLReporter -->
<testsuite ignored="0" hostname="Muthukumar" failures="1" tests="3" name="ChromeTest" time="13.866" errors="0" timestamp="11 Aug 2023 09:17:40 GMT">
  <testcase classname="com.testExecution.TS001" name="setUp" time="8.462"/>
  <testcase classname="com.testExecution.TS001" name="aUrl" time="5.349"/>
  <testcase classname="com.testExecution.TS001" name="searchAProduct" time="0.007">
    <failure type="java.lang.NullPointerException">
      <![CDATA[java.lang.NullPointerException
	at com.testExecution.TS001.searchAProduct(TS001.java:25)
... Removed 25 stack frames]]>
    </failure>
  </testcase> <!-- searchAProduct -->
</testsuite> <!-- ChromeTest -->
